0 info it worked if it ends with ok
1 verbose cli [ '/opt/node-v0.12.0//bin/node',
1 verbose cli   '/opt/node-v0.12.0/bin/npm',
1 verbose cli   'install',
1 verbose cli   'zlib' ]
2 info using npm@2.5.1
3 info using node@v0.12.0
4 verbose node symlink /opt/node-v0.12.0//bin/node
5 verbose config Skipping project config: /home/charly/.npmrc. (matches userconfig)
6 warn package.json http@0.0.0 http is also the name of a node core module.
7 warn package.json http@0.0.0 No description
8 warn package.json http@0.0.0 No repository field.
9 warn package.json http@0.0.0 No README data
10 warn package.json crypto@0.0.3 crypto is also the name of a node core module.
11 warn package.json spawn@0.0.1 No repository field.
12 silly cache add args [ 'zlib', null ]
13 verbose cache add spec zlib
14 silly cache add parsed spec { raw: 'zlib',
14 silly cache add   scope: null,
14 silly cache add   name: 'zlib',
14 silly cache add   rawSpec: '',
14 silly cache add   spec: '*',
14 silly cache add   type: 'range' }
15 verbose addNamed zlib@*
16 silly addNamed semver.valid null
17 silly addNamed semver.validRange *
18 silly addNameRange { name: 'zlib', range: '*', hasData: false }
19 silly mapToRegistry name zlib
20 silly mapToRegistry using default registry
21 silly mapToRegistry registry https://registry.npmjs.org/
22 silly mapToRegistry uri https://registry.npmjs.org/zlib
23 verbose addNameRange registry:https://registry.npmjs.org/zlib not in flight; fetching
24 verbose request uri https://registry.npmjs.org/zlib
25 verbose request no auth needed
26 info attempt registry request try #1 at 3:38:29 PM
27 verbose request id 59135f3132b2b0c9
28 http request GET https://registry.npmjs.org/zlib
29 http 200 https://registry.npmjs.org/zlib
30 silly get cb [ 200,
30 silly get   { date: 'Tue, 24 Feb 2015 18:38:30 GMT',
30 silly get     server: 'CouchDB/1.5.0 (Erlang OTP/R16B03)',
30 silly get     etag: '"5MPTL9F7XK1G117NC9HPKL8F4"',
30 silly get     'content-type': 'application/json',
30 silly get     'cache-control': 'max-age=60',
30 silly get     'content-length': '6082',
30 silly get     'accept-ranges': 'bytes',
30 silly get     via: '1.1 varnish',
30 silly get     age: '0',
30 silly get     'x-served-by': 'cache-jfk1024-JFK',
30 silly get     'x-cache': 'HIT',
30 silly get     'x-cache-hits': '1',
30 silly get     'x-timer': 'S1424803110.123230,VS0,VE79',
30 silly get     vary: 'Accept',
30 silly get     'keep-alive': 'timeout=10, max=50',
30 silly get     connection: 'Keep-Alive' } ]
31 verbose get saving zlib to /home/charly/.npm/registry.npmjs.org/zlib/.cache.json
32 silly addNameRange number 2 { name: 'zlib', range: '*', hasData: true }
33 silly addNameRange versions [ 'zlib',
33 silly addNameRange   [ '1.0.0', '1.0.1', '1.0.2', '1.0.3', '1.0.4', '1.0.5' ] ]
34 verbose addNamed zlib@1.0.5
35 silly addNamed semver.valid 1.0.5
36 silly addNamed semver.validRange 1.0.5
37 silly mapToRegistry name zlib
38 silly mapToRegistry using default registry
39 silly mapToRegistry registry https://registry.npmjs.org/
40 silly mapToRegistry uri https://registry.npmjs.org/zlib
41 verbose addRemoteTarball https://registry.npmjs.org/zlib/-/zlib-1.0.5.tgz not in flight; adding
42 verbose addRemoteTarball [ 'https://registry.npmjs.org/zlib/-/zlib-1.0.5.tgz',
42 verbose addRemoteTarball   '6e7c972fc371c645a6afb03ab14769def114fcc0' ]
43 info retry fetch attempt 1 at 3:38:30 PM
44 info attempt registry request try #1 at 3:38:30 PM
45 http fetch GET https://registry.npmjs.org/zlib/-/zlib-1.0.5.tgz
46 http fetch 200 https://registry.npmjs.org/zlib/-/zlib-1.0.5.tgz
47 silly fetchAndShaCheck shasum 6e7c972fc371c645a6afb03ab14769def114fcc0
48 verbose addTmpTarball /tmp/npm-27611-9ccc18b9/registry.npmjs.org/zlib/-/zlib-1.0.5.tgz not in flight; adding
49 verbose addTmpTarball already have metadata; skipping unpack for zlib@1.0.5
50 silly cache afterAdd zlib@1.0.5
51 verbose afterAdd /home/charly/.npm/zlib/1.0.5/package/package.json not in flight; writing
52 verbose afterAdd /home/charly/.npm/zlib/1.0.5/package/package.json written
53 silly install resolved [ { name: 'zlib',
53 silly install resolved     description: 'Simple, synchronous deflate/inflate for buffers',
53 silly install resolved     version: '1.0.5',
53 silly install resolved     homepage: 'https://github.com/kkaefer/node-zlib',
53 silly install resolved     author: { name: 'Konstantin Käfer', email: 'kkaefer@gmail.com' },
53 silly install resolved     repository: { type: 'git', url: 'git://github.com/kkaefer/node-zlib.git' },
53 silly install resolved     engines: { node: '>=0.2.0' },
53 silly install resolved     licenses: [ [Object] ],
53 silly install resolved     main: './lib/zlib',
53 silly install resolved     _npmJsonOpts:
53 silly install resolved      { file: '/Users/kkaefer/.npm/zlib/1.0.5/package/package.json',
53 silly install resolved        contributors: false,
53 silly install resolved        serverjs: false,
53 silly install resolved        wscript: true },
53 silly install resolved     _id: 'zlib@1.0.5',
53 silly install resolved     scripts: { preinstall: 'node-waf clean || true; node-waf configure build' },
53 silly install resolved     dependencies: {},
53 silly install resolved     devDependencies: {},
53 silly install resolved     _engineSupported: true,
53 silly install resolved     _npmVersion: '1.0.23',
53 silly install resolved     _nodeVersion: 'v0.4.9',
53 silly install resolved     _defaultsLoaded: true,
53 silly install resolved     dist:
53 silly install resolved      { shasum: '6e7c972fc371c645a6afb03ab14769def114fcc0',
53 silly install resolved        tarball: 'http://registry.npmjs.org/zlib/-/zlib-1.0.5.tgz' },
53 silly install resolved     maintainers: [ [Object], [Object], [Object], [Object], [Object] ],
53 silly install resolved     directories: {},
53 silly install resolved     _shasum: '6e7c972fc371c645a6afb03ab14769def114fcc0',
53 silly install resolved     _resolved: 'https://registry.npmjs.org/zlib/-/zlib-1.0.5.tgz',
53 silly install resolved     _from: 'zlib@*' } ]
54 info install zlib@1.0.5 into /home/charly
55 info installOne zlib@1.0.5
56 verbose installOne of zlib to /home/charly not in flight; installing
57 verbose lock using /home/charly/.npm/_locks/zlib-c3311d8064182b39.lock for /home/charly/node_modules/zlib
58 silly install write writing zlib 1.0.5 to /home/charly/node_modules/zlib
59 silly cache addNamed cb zlib@1.0.5
60 verbose unbuild node_modules/zlib
61 verbose gentlyRm vacuuming /home/charly/node_modules/zlib
62 verbose tar unpack /home/charly/.npm/zlib/1.0.5/package.tgz
63 verbose tar unpacking to /home/charly/node_modules/zlib
64 verbose gentlyRm vacuuming /home/charly/node_modules/zlib
65 silly gunzTarPerm modes [ '755', '644' ]
66 silly gunzTarPerm extractEntry .gitignore
67 silly gunzTarPerm extractEntry configure
68 silly gunzTarPerm extractEntry index.js
69 silly gunzTarPerm extractEntry LICENSE
70 silly gunzTarPerm extractEntry Makefile
71 silly gunzTarPerm extractEntry package.json
72 silly gunzTarPerm extractEntry README.md
73 silly gunzTarPerm extractEntry wscript
74 silly gunzTarPerm extractEntry lib/zlib.js
75 silly gunzTarPerm extractEntry src/node-zlib.cc
76 silly gunzTarPerm extractEntry test/deflate.test.js
77 silly gunzTarPerm extractEntry test/inflate.test.js
78 info preinstall zlib@1.0.5
79 verbose unsafe-perm in lifecycle true
80 info zlib@1.0.5 Failed to exec preinstall script
81 verbose unlock done using /home/charly/.npm/_locks/zlib-c3311d8064182b39.lock for /home/charly/node_modules/zlib
82 verbose stack Error: zlib@1.0.5 preinstall: `node-waf clean || true; node-waf configure build`
82 verbose stack Exit status 127
82 verbose stack     at EventEmitter.<anonymous> (/opt/node-v0.12.0/lib/node_modules/npm/lib/utils/lifecycle.js:213:16)
82 verbose stack     at EventEmitter.emit (events.js:110:17)
82 verbose stack     at ChildProcess.<anonymous> (/opt/node-v0.12.0/lib/node_modules/npm/lib/utils/spawn.js:14:12)
82 verbose stack     at ChildProcess.emit (events.js:110:17)
82 verbose stack     at maybeClose (child_process.js:1008:16)
82 verbose stack     at Process.ChildProcess._handle.onexit (child_process.js:1080:5)
83 verbose pkgid zlib@1.0.5
84 verbose cwd /home/charly/Documents/courses/node/streaming
85 error Linux 3.17.1-031701-generic
86 error argv "/opt/node-v0.12.0//bin/node" "/opt/node-v0.12.0/bin/npm" "install" "zlib"
87 error node v0.12.0
88 error npm  v2.5.1
89 error code ELIFECYCLE
90 error zlib@1.0.5 preinstall: `node-waf clean || true; node-waf configure build`
90 error Exit status 127
91 error Failed at the zlib@1.0.5 preinstall script 'node-waf clean || true; node-waf configure build'.
91 error This is most likely a problem with the zlib package,
91 error not with npm itself.
91 error Tell the author that this fails on your system:
91 error     node-waf clean || true; node-waf configure build
91 error You can get their info via:
91 error     npm owner ls zlib
91 error There is likely additional logging output above.
92 verbose exit [ 1, true ]
93 verbose unbuild node_modules/zlib
94 info preuninstall zlib@1.0.5
95 info uninstall zlib@1.0.5
96 verbose unbuild rmStuff zlib@1.0.5 from /home/charly/node_modules
97 info postuninstall zlib@1.0.5
98 verbose gentlyRm vacuuming /home/charly/node_modules/zlib
99 silly gentlyRm purging /home/charly/node_modules/zlib
100 silly gentlyRm quitting because other entries in /home/charly/node_modules
